2025-06-08 17:15:52 - INFO: Starting nYtevibe Frontend Enhancement Deployment
2025-06-08 17:15:52 - INFO: Target Directory: /var/www/nytevibe
2025-06-08 17:15:52 - INFO: Backup Directory: /var/www/nytevibe/backups/frontend_phone_dob_20250608_171552
2025-06-08 17:15:52 - INFO: Log File: /var/www/nytevibe/deployment_frontend_20250608_171552.log
2025-06-08 17:15:52 - INFO: Node Version: v22.14.0
2025-06-08 17:15:52 - INFO: NPM Version: 11.4.1
2025-06-08 17:15:52 - SUCCESS: Pre-deployment checks passed
2025-06-08 17:15:52 - INFO: Creating backup directory...
2025-06-08 17:15:52 - INFO: Backing up critical files...
2025-06-08 17:15:52 - SUCCESS: Files backed up successfully
2025-06-08 17:15:52 - INFO: Installing React Phone Number Input library...
2025-06-08 17:15:56 - SUCCESS: Dependencies installed successfully
2025-06-08 17:15:56 - INFO: Updating registrationAPI.js with phone availability checking...
2025-06-08 17:15:56 - SUCCESS: registrationAPI.js updated successfully
2025-06-08 17:15:56 - INFO: Updating RegistrationView.jsx with phone and DOB enhancements...
2025-06-08 17:15:56 - SUCCESS: RegistrationView.jsx updated successfully
2025-06-08 17:15:56 - INFO: Adding phone input specific CSS styles...
2025-06-08 17:15:56 - SUCCESS: Phone input CSS styles added successfully
2025-06-08 17:15:56 - INFO: Building the updated application...
2025-06-08 17:16:03 - SUCCESS: Build completed successfully
2025-06-08 17:16:03 - INFO: Verifying frontend deployment...
2025-06-08 17:16:03 - SUCCESS: Phone input component imported correctly
2025-06-08 17:16:03 - SUCCESS: Phone availability checking integrated
2025-06-08 17:16:03 - SUCCESS: Phone availability API method added
2025-06-08 17:16:03 - SUCCESS: Build output directory exists
2025-06-08 17:16:03 - SUCCESS: Frontend verification completed
2025-06-08 17:16:03 - SUCCESS: 🎉 Frontend deployment completed successfully!
2025-06-08 17:16:03 - INFO: Deployment log saved to: /var/www/nytevibe/deployment_frontend_20250608_171552.log
2025-06-08 17:16:03 - SUCCESS: Frontend is ready for production use! 🚀
2025-06-08 17:16:03 - INFO: The nYtevibe registration enhancement is now complete!
2025-06-08 17:16:03 - INFO: Users can now register with mandatory phone numbers and date of birth
2025-06-08 17:16:03 - INFO: Real-time validation provides immediate feedback during registration
