[0;34m[2025-06-07 17:27:45][0m Starting nYtevibe Phase 2 deployment...
[0;34m[2025-06-07 17:27:45][0m Validating React project structure...
[0;32m[SUCCESS][0m Project structure validation passed
[0;34m[2025-06-07 17:27:45][0m Creating backup directory: ./backup_phase2_20250607_172745
[0;34m[2025-06-07 17:27:45][0m Backing up: src/components/Auth/EmailVerificationView.jsx
[0;34m[2025-06-07 17:27:45][0m Backing up: src/services/registrationAPI.js
[0;34m[2025-06-07 17:27:45][0m Backing up: src/router/AppRouter.jsx
[0;34m[2025-06-07 17:27:45][0m Backing up: package.json
[0;32m[SUCCESS][0m Backup created successfully in ./backup_phase2_20250607_172745
[0;32m[SUCCESS][0m Rollback script created: ./rollback_phase2_20250607_172745.sh
[0;34m[2025-06-07 17:27:45][0m Creating emailVerificationAPI service...
[0;32m[SUCCESS][0m emailVerificationAPI.js created successfully
[0;34m[2025-06-07 17:27:45][0m Updating EmailVerificationView component...
[0;32m[SUCCESS][0m EmailVerificationView.jsx updated successfully
[0;34m[2025-06-07 17:27:45][0m Testing Phase 2 deployment...
[0;34m[2025-06-07 17:27:45][0m Running basic syntax checks...
[0;32m[SUCCESS][0m emailVerificationAPI.js syntax check passed
[0;34m[2025-06-07 17:27:45][0m Attempting to validate React project...
[0;32m[SUCCESS][0m React project validation passed
[0;32m[SUCCESS][0m Deployment testing completed
[0;34m[2025-06-07 17:27:50][0m Phase 2 deployment completed successfully!
